<?xml version="1.0" encoding="UTF-8"?>
<!-- Generated by org.testng.reporters.JUnitReportReporter -->
<testsuite hostname="LAPTOP-SBU5K527" failures="0" tests="7" name="com.zerodha.qa.testCases.SearchStockPageTest" time="81.827" errors="0" timestamp="2022-04-04T15:33:58 IST" skipped="1">
  <testcase classname="com.zerodha.qa.testCases.SearchStockPageTest" name="validateSellButtonTest" time="15.111"/>
  <system-out>
    <![CDATA[Validating Sell Button]]>
  </system-out>
  <testcase classname="com.zerodha.qa.testCases.SearchStockPageTest" name="validateStockList" time="8.329"/>
  <system-out>
    <![CDATA[Validating StockLIst]]>
  </system-out>
  <testcase classname="com.zerodha.qa.testCases.SearchStockPageTest" name="validateBuyButtonTest" time="15.403"/>
  <system-out>
    <![CDATA[Validating Buy Button]]>
  </system-out>
  <testcase classname="com.zerodha.qa.testCases.SearchStockPageTest" name="validateChartButton" time="16.983"/>
  <system-out>
    <![CDATA[Validating Chart Button]]>
  </system-out>
  <testcase classname="com.zerodha.qa.testCases.SearchStockPageTest" name="validateSearchBoxTest" time="7.920"/>
  <system-out>
    <![CDATA[Validating Search Box Textfield]]>
  </system-out>
  <testcase classname="com.zerodha.qa.testCases.SearchStockPageTest" name="validateMarketDepthButton" time="18.081"/>
  <system-out>
    <![CDATA[Validating Market Depth Button]]>
  </system-out>
  <testcase classname="com.zerodha.qa.testCases.SearchStockPageTest" name="validateDeleteButton">
    <skipped/>
  </testcase> <!-- validateDeleteButton -->
  <system-out/>
</testsuite> <!-- com.zerodha.qa.testCases.SearchStockPageTest -->
